This file contains any messages produced by compilers while
running configure, to aid debugging if configure makes a mistake.

It was created by dynr configure.win 0.1, which was
generated by GNU Autoconf 2.69.  Invocation command line was

  $ ./configure.win 

## --------- ##
## Platform. ##
## --------- ##

hostname = Simon
uname -m = i686
uname -r = 2.2.1(0.289/5/3)
uname -s = CYGWIN_NT-6.3-WOW
uname -v = 2015-08-20 11:40

/usr/bin/uname -p = unknown
/bin/uname -X     = unknown

/bin/arch              = i686
/usr/bin/arch -k       = unknown
/usr/convex/getsysinfo = unknown
/usr/bin/hostinfo      = unknown
/bin/machine           = unknown
/usr/bin/oslevel       = unknown
/bin/universe          = unknown

PATH: /cygdrive/c/PROGRA~1/R/R-32~1.0/bin/x64
PATH: /cygdrive/c/Rtools/bin
PATH: /cygdrive/c/Rtools/gcc-4.6.3/bin
PATH: /cygdrive/c/Program Files/R/R-3.2.0/bin
PATH: /usr/bin
PATH: /cygdrive/c/ProgramData/Oracle/Java/javapath
PATH: /cygdrive/c/Program Files (x86)/Lenovo/FusionEngine
PATH: /cygdrive/c/Program Files (x86)/NVIDIA Corporation/PhysX/Common
PATH: /cygdrive/c/Program Files (x86)/Intel/iCLS Client
PATH: /cygdrive/c/Program Files/Intel/iCLS Client
PATH: /cygdrive/c/windows/system32
PATH: /cygdrive/c/windows
PATH: /cygdrive/c/windows/System32/Wbem
PATH: /cygdrive/c/windows/System32/WindowsPowerShell/v1.0
PATH: /cygdrive/c/Program Files/Intel/Intel(R) Management Engine Components/DAL
PATH: /cygdrive/c/Program Files/Intel/Intel(R) Management Engine Components/IPT
PATH: /cygdrive/c/Program Files (x86)/Intel/Intel(R) Management Engine Components/DAL
PATH: /cygdrive/c/Program Files (x86)/Intel/Intel(R) Management Engine Components/IPT
PATH: /cygdrive/c/Program Files (x86)/Common Files/lenovo/easyplussdk/bin
PATH: /cygdrive/c/Program Files (x86)/Lenovo/Motion Control
PATH: /cygdrive/c/Program Files (x86)/MiKTeX 2.9/miktex/bin
PATH: /cygdrive/c/Program Files/Intel/WiFi/bin
PATH: /cygdrive/c/Program Files/Common Files/Intel/WirelessCommon
PATH: /cygdrive/c/Program Files (x86)/Skype/Phone
PATH: /cygdrive/c/Program Files/VideoLAN/VLC
PATH: /cygdrive/c/Program Files (x86)/Calibre2


## ----------- ##
## Core tests. ##
## ----------- ##

configure.win:1685: checking for gsl-config
configure.win:1703: found /usr/bin/gsl-config
configure.win:1715: result: /usr/bin/gsl-config
configure.win:1890: creating ./config.status

## ---------------------- ##
## Running config.status. ##
## ---------------------- ##

This file was extended by dynr config.status 0.1, which was
generated by GNU Autoconf 2.69.  Invocation command line was

  CONFIG_FILES    = 
  CONFIG_HEADERS  = 
  CONFIG_LINKS    = 
  CONFIG_COMMANDS = 
  $ ./config.status 

on Simon

config.status:715: creating src/Makevars

## ---------------- ##
## Cache variables. ##
## ---------------- ##

ac_cv_env_build_alias_set=
ac_cv_env_build_alias_value=
ac_cv_env_host_alias_set=
ac_cv_env_host_alias_value=
ac_cv_env_target_alias_set=
ac_cv_env_target_alias_value=
ac_cv_path_GSL_CONFIG=/usr/bin/gsl-config

## ----------------- ##
## Output variables. ##
## ----------------- ##

DEFS='-DPACKAGE_NAME=\"dynr\" -DPACKAGE_TARNAME=\"dynr\" -DPACKAGE_VERSION=\"0.1\" -DPACKAGE_STRING=\"dynr\ 0.1\" -DPACKAGE_BUGREPORT=\"mhunter@ou.edu\" -DPACKAGE_URL=\"\"'
ECHO_C=''
ECHO_N='-n'
ECHO_T=''
GSL_CFLAGS='-I"C:/Users/mhunter/Desktop/include"'
GSL_CONFIG='/usr/bin/gsl-config'
GSL_LIBS='-L"C:/cygwin/lib" -lgsl'
LIBOBJS=''
LIBS=''
LTLIBOBJS=''
PACKAGE_BUGREPORT='mhunter@ou.edu'
PACKAGE_NAME='dynr'
PACKAGE_STRING='dynr 0.1'
PACKAGE_TARNAME='dynr'
PACKAGE_URL=''
PACKAGE_VERSION='0.1'
PATH_SEPARATOR=':'
SHELL='/bin/sh'
bindir='${exec_prefix}/bin'
build_alias=''
datadir='${datarootdir}'
datarootdir='${prefix}/share'
docdir='${datarootdir}/doc/${PACKAGE_TARNAME}'
dvidir='${docdir}'
exec_prefix='${prefix}'
host_alias=''
htmldir='${docdir}'
includedir='${prefix}/include'
infodir='${datarootdir}/info'
libdir='${exec_prefix}/lib'
libexecdir='${exec_prefix}/libexec'
localedir='${datarootdir}/locale'
localstatedir='${prefix}/var'
mandir='${datarootdir}/man'
oldincludedir='/usr/include'
pdfdir='${docdir}'
prefix='/usr/local'
program_transform_name='s,x,x,'
psdir='${docdir}'
sbindir='${exec_prefix}/sbin'
sharedstatedir='${prefix}/com'
sysconfdir='${prefix}/etc'
target_alias=''

## ----------- ##
## confdefs.h. ##
## ----------- ##

/* confdefs.h */
#define PACKAGE_NAME "dynr"
#define PACKAGE_TARNAME "dynr"
#define PACKAGE_VERSION "0.1"
#define PACKAGE_STRING "dynr 0.1"
#define PACKAGE_BUGREPORT "mhunter@ou.edu"
#define PACKAGE_URL ""

configure.win: exit 0
